<?xml version="1.0" encoding="UTF-8"?>
<!-- Generated by org.testng.reporters.JUnitReportReporter -->
<testsuite skipped="0" hostname="LAPTOP-7VNC4V5A" name="org.example.Testsuit" tests="1" failures="0" timestamp="2020-06-01T10:22:22 BST" time="61.032" errors="0">
  <testcase name="RegisterOnRahulShettyAcadamy" time="61.032" classname="org.example.Testsuit"/>
  <system-out/>
</testsuite> <!-- org.example.Testsuit -->
