<?xml version="1.0" encoding="UTF-8"?>
<!-- Generated by org.testng.reporters.JUnitReportReporter -->
<testsuite skipped="0" hostname="LAPTOP-7VNC4V5A" name="org.example.Testsuit" tests="3" failures="0" timestamp="2020-06-02T15:40:30 BST" time="70.267" errors="0">
  <testcase name="ClickRadioButtonOnPracticePage" time="10.640" classname="org.example.Testsuit"/>
  <system-out/>
  <testcase name="selectAndUnSelectCheckboxOnPracticePage" time="12.725" classname="org.example.Testsuit"/>
  <system-out/>
  <testcase name="RegisterOnRahulShettyAcadamy" time="46.902" classname="org.example.Testsuit"/>
  <system-out/>
</testsuite> <!-- org.example.Testsuit -->
